<?xml version="1.0" encoding="UTF-8"?>
<testsuite name="blind_seventy_five.easy.ValidAnagramTest" tests="1" skipped="0" failures="0" errors="0" timestamp="2022-04-26T03:41:26" hostname="Charless-iMac.local" time="0.039">
  <properties/>
  <testcase name="isValidAnagram_givenTwoValidStringsThatAreAnagrams_returnsTrue()" classname="blind_seventy_five.easy.ValidAnagramTest" time="0.039"/>
  <system-out><![CDATA[]]></system-out>
  <system-err><![CDATA[]]></system-err>
</testsuite>
