<?xml version="1.0" encoding="UTF-8"?>
<testsuite name="MyQueueTest" tests="6" skipped="0" failures="0" errors="0" timestamp="2022-04-22T17:19:17" hostname="Charless-iMac.local" time="0.118">
  <properties/>
  <testcase name="peek_whenObjectsAreAddedToTheQueue_returnsTheFirstObjectAdded()" classname="MyQueueTest" time="0.102"/>
  <testcase name="enqueue_whenObjectsAreAddedToTheQueue_returnsFalseTheQueueIsNotEmpty()" classname="MyQueueTest" time="0.004"/>
  <testcase name="dequeue_givenAPopulatedQueue_returnsTheFirstElementOriginallyAddedToTheQueue()" classname="MyQueueTest" time="0.002"/>
  <testcase name="dequeue_givenAPopulatedQueue_returnsElementsFromTheQueueInTheirOriginalConsecutiveOrder()" classname="MyQueueTest" time="0.002"/>
  <testcase name="isEmpty_givenAnEmptyQueue_returnsTrue()" classname="MyQueueTest" time="0.0"/>
  <testcase name="isEmpty_givenAnNonEmptyQueue_returnsFalse()" classname="MyQueueTest" time="0.0"/>
  <system-out><![CDATA[]]></system-out>
  <system-err><![CDATA[]]></system-err>
</testsuite>
