<?xml version="1.0" encoding="UTF-8"?>
<testsuite name="easy.AdjacentElementsProductTest" tests="1" skipped="0" failures="0" errors="0" timestamp="2022-04-21T22:38:59" hostname="Charless-iMac.local" time="0.121">
  <properties/>
  <testcase name="findLargestProduct_whenGivenAnArrayOfIntegers_returnsTheLargestMultiplicatedSumOfTwoAdjacentNumbers()" classname="easy.AdjacentElementsProductTest" time="0.121"/>
  <system-out><![CDATA[]]></system-out>
  <system-err><![CDATA[]]></system-err>
</testsuite>
