<?xml version="1.0" encoding="UTF-8"?>
<testsuite name="easy.FindMaxConsecutiveOnesTest" tests="1" skipped="0" failures="0" errors="0" timestamp="2022-04-20T15:50:05" hostname="Charless-iMac.local" time="0.023">
  <properties/>
  <testcase name="findTheMaxConsecutiveOnes_givenABinaryArray_returnsTheMaxConsecutiveOnesAsAnInteger()" classname="easy.FindMaxConsecutiveOnesTest" time="0.023"/>
  <system-out><![CDATA[]]></system-out>
  <system-err><![CDATA[]]></system-err>
</testsuite>
