<?xml version="1.0" encoding="UTF-8"?>
<testsuite name="blind_seventy_five.easy.TwoSumTest" tests="1" skipped="0" failures="0" errors="0" timestamp="2022-05-02T17:46:31" hostname="Charless-iMac.local" time="0.032">
  <properties/>
  <testcase name="findTwoSum_givenValidArrayOfIntegers_returnsTwoIndexesWithIntegersThatAddUpToTarget()" classname="blind_seventy_five.easy.TwoSumTest" time="0.032"/>
  <system-out><![CDATA[]]></system-out>
  <system-err><![CDATA[]]></system-err>
</testsuite>
