<?xml version="1.0" encoding="UTF-8"?>
<testsuite name="DivideAndConquerTest" tests="1" skipped="0" failures="0" errors="0" timestamp="2022-04-21T01:18:32" hostname="Charless-iMac.local" time="0.024">
  <properties/>
  <testcase name="quickSort_givenAnUnsortedArrayWithRandomIntegers_letsHaveSomeFun()" classname="DivideAndConquerTest" time="0.024"/>
  <system-out><![CDATA[]]></system-out>
  <system-err><![CDATA[]]></system-err>
</testsuite>
