<?xml version="1.0" encoding="UTF-8"?>
<testsuite name="blind_seventy_five.easy.TwoSumTest" tests="1" skipped="0" failures="0" errors="0" timestamp="2022-04-26T02:12:23" hostname="Charless-iMac.local" time="0.026">
  <properties/>
  <testcase name="findTwoSum_givenValidArrayOfIntegers_returnsTwoIndexesWithIntegersThatAddUpToTarget()" classname="blind_seventy_five.easy.TwoSumTest" time="0.026"/>
  <system-out><![CDATA[]]></system-out>
  <system-err><![CDATA[]]></system-err>
</testsuite>
