<?xml version="1.0" encoding="UTF-8"?>
<testsuite name="blind_seventy_five.easy.ValidAnagramTest" tests="6" skipped="0" failures="0" errors="0" timestamp="2022-04-26T04:06:41" hostname="Charless-iMac.local" time="0.043">
  <properties/>
  <testcase name="isValidAnagram_UsingOneHashMap_givenTwoValidStringsThatAreAnagrams_returnsTrue()" classname="blind_seventy_five.easy.ValidAnagramTest" time="0.027"/>
  <testcase name="isValidAnagram_UsingOneHashMap_givenTwoValidStringsThatAreNotAnagrams_returnsFalse()" classname="blind_seventy_five.easy.ValidAnagramTest" time="0.002"/>
  <testcase name="isValidAnagram_givenTwoValidStringsThatAreAnagrams_returnsTrue()" classname="blind_seventy_five.easy.ValidAnagramTest" time="0.002"/>
  <testcase name="isValidAnagram_UsingOneHashMap_givenTwoStringsThatAreDifferentLengths_returnsFalse()" classname="blind_seventy_five.easy.ValidAnagramTest" time="0.001"/>
  <testcase name="isValidAnagram_givenTwoValidStringsThatAreNotAnagrams_returnsFalse()" classname="blind_seventy_five.easy.ValidAnagramTest" time="0.0"/>
  <testcase name="isValidAnagram_givenTwoStringsThatAreDifferentLengths_returnsFalse()" classname="blind_seventy_five.easy.ValidAnagramTest" time="0.002"/>
  <system-out><![CDATA[]]></system-out>
  <system-err><![CDATA[]]></system-err>
</testsuite>
