<?xml version="1.0" encoding="UTF-8"?>
<testsuite name="easy.CheckForPalindromeTest" tests="3" skipped="0" failures="0" errors="0" timestamp="2022-04-20T02:33:41" hostname="Charless-iMac.local" time="0.031">
  <properties/>
  <testcase name="isAPalindrome_nonPalindromeString_returnsFalse()" classname="easy.CheckForPalindromeTest" time="0.022"/>
  <testcase name="isAPalindrome_oneCharacterString_returnsTrue()" classname="easy.CheckForPalindromeTest" time="0.002"/>
  <testcase name="isAPalindrome_palindromeString_returnsTrue()" classname="easy.CheckForPalindromeTest" time="0.002"/>
  <system-out><![CDATA[]]></system-out>
  <system-err><![CDATA[]]></system-err>
</testsuite>
