<?xml version="1.0" encoding="UTF-8"?>
<testsuite name="blind_seventy_five.easy.ContainsDuplicateTest" tests="2" skipped="0" failures="0" errors="0" timestamp="2022-04-26T15:47:52" hostname="Charless-iMac.local" time="0.031">
  <properties/>
  <testcase name="containsDuplicates_givenAnArrayOfIntegersThatContainDuplicates_returnsTrue()" classname="blind_seventy_five.easy.ContainsDuplicateTest" time="0.026"/>
  <testcase name="containsDuplicates_givenAnArrayOfIntegersThatDoesNotContainDuplicates_returnsFalse()" classname="blind_seventy_five.easy.ContainsDuplicateTest" time="0.002"/>
  <system-out><![CDATA[]]></system-out>
  <system-err><![CDATA[]]></system-err>
</testsuite>
